TN:
SF:src/CollectionManager.sol
DA:64,259
FN:64,CollectionManager.onlyCreator
FNDA:259,CollectionManager.onlyCreator
DA:65,259
BRDA:65,0,0,259
BRDA:65,0,1,259
DA:99,11
FN:99,CollectionManager.setMainContract
FNDA:11,CollectionManager.setMainContract
DA:100,10
BRDA:100,1,0,1
BRDA:100,1,1,9
DA:101,9
DA:104,264
FN:104,CollectionManager.createCollection
FNDA:264,CollectionManager.createCollection
DA:112,264
BRDA:112,2,0,1
BRDA:112,2,1,263
DA:116,263
BRDA:116,3,0,1
BRDA:116,3,1,262
DA:120,262
BRDA:120,4,0,1
BRDA:120,4,1,261
DA:121,261
BRDA:121,5,0,1
BRDA:121,5,1,260
DA:124,260
DA:132,260
DA:137,260
DA:146,260
DA:147,260
DA:151,260
DA:161,2
FN:161,CollectionManager.getCollectionOwnerByAddressOwner
FNDA:2,CollectionManager.getCollectionOwnerByAddressOwner
DA:162,2
BRDA:162,6,0,1
BRDA:162,6,1,1
DA:164,1
DA:165,1
DA:167,1
DA:168,1
DA:169,1
DA:171,1
DA:179,261
FN:179,CollectionManager.getCollectionByAddress
FNDA:261,CollectionManager.getCollectionByAddress
DA:180,261
BRDA:180,7,0,260
BRDA:180,7,1,1
DA:181,1
DA:188,259
FN:188,CollectionManager.changePrice
FNDA:259,CollectionManager.changePrice
DA:189,259
DA:196,518
FN:196,CollectionManager.changeQuantityInStock
FNDA:518,CollectionManager.changeQuantityInStock
DA:197,259
DA:204,1
FN:204,CollectionManager.collectionExist
FNDA:1,CollectionManager.collectionExist
DA:205,262
BRDA:205,8,0,2
BRDA:205,8,1,260
DA:206,2
DA:208,260
DA:218,259
FN:218,CollectionManager._updatePrice
FNDA:259,CollectionManager._updatePrice
DA:219,259
DA:228,259
FN:228,CollectionManager._updateQuantity
FNDA:259,CollectionManager._updateQuantity
DA:229,259
FNF:10
FNH:10
LF:39
LH:39
BRF:18
BRH:18
end_of_record
TN:
SF:src/MainContract.sol
DA:74,271
FN:74,MainContract.constructor
FNDA:271,MainContract.constructor
DA:75,270
BRDA:75,0,0,1
BRDA:75,0,1,269
DA:76,269
BRDA:76,1,0,1
BRDA:76,1,1,268
DA:77,268
DA:78,268
DA:84,260
FN:84,MainContract.setCollectionManager
FNDA:260,MainContract.setCollectionManager
DA:85,260
DA:91,0
FN:91,MainContract.buy
FNDA:0,MainContract.buy
DA:94,0
DA:95,0
DA:96,0
BRDA:96,2,0,-
BRDA:96,2,1,-
DA:99,0
DA:100,0
BRDA:100,3,0,-
BRDA:100,3,1,-
DA:101,0
DA:102,0
DA:105,0
BRDA:105,4,0,-
DA:106,0
DA:108,0
DA:109,0
DA:112,0
DA:113,0
DA:115,0
DA:121,0
FN:121,MainContract.batchBuy
FNDA:0,MainContract.batchBuy
DA:122,0
DA:123,0
DA:124,0
BRDA:124,5,0,-
BRDA:124,5,1,-
DA:126,0
BRDA:126,6,0,-
BRDA:126,6,1,-
DA:129,0
DA:130,0
DA:131,0
DA:132,0
DA:133,0
BRDA:133,7,0,-
BRDA:133,7,1,-
DA:134,0
DA:135,0
BRDA:135,8,0,-
BRDA:135,8,1,-
DA:137,0
DA:138,0
DA:140,0
DA:141,0
DA:144,0
DA:147,0
DA:149,0
BRDA:149,9,0,-
BRDA:149,9,1,-
DA:150,0
DA:151,0
DA:154,0
BRDA:154,10,0,-
DA:155,0
DA:159,0
DA:165,0
FN:165,MainContract.redeemCode
FNDA:0,MainContract.redeemCode
DA:166,0
BRDA:166,11,0,-
BRDA:166,11,1,-
DA:169,0
DA:172,0
BRDA:172,12,0,-
BRDA:172,12,1,-
DA:177,0
BRDA:177,13,0,-
BRDA:177,13,1,-
DA:180,0
DA:183,0
DA:186,0
DA:195,0
FN:195,MainContract._isPromoValid
FNDA:0,MainContract._isPromoValid
DA:196,0
DA:197,0
BRDA:197,14,0,-
DA:198,0
DA:201,0
DA:212,0
FN:212,MainContract._deletePromoCode
FNDA:0,MainContract._deletePromoCode
DA:213,0
BRDA:213,15,0,-
BRDA:213,15,1,-
DA:214,0
DA:219,0
BRDA:219,16,0,-
DA:220,0
DA:224,0
DA:228,0
DA:240,0
FN:240,MainContract._findIndexByUserAddress
FNDA:0,MainContract._findIndexByUserAddress
DA:245,0
DA:246,0
DA:247,0
BRDA:247,17,0,-
DA:248,0
DA:251,0
DA:264,0
FN:264,MainContract._generatePromoCode
FNDA:0,MainContract._generatePromoCode
DA:265,0
BRDA:265,18,0,-
BRDA:265,18,1,-
DA:266,0
BRDA:266,19,0,-
BRDA:266,19,1,-
DA:267,0
DA:269,0
DA:270,0
DA:273,0
DA:274,0
DA:286,0
FN:286,MainContract.getPromo
FNDA:0,MainContract.getPromo
DA:292,0
BRDA:292,20,0,-
BRDA:292,20,1,-
DA:293,0
BRDA:293,21,0,-
BRDA:293,21,1,-
DA:297,0
DA:303,0
FN:303,MainContract.getQuantity
FNDA:0,MainContract.getQuantity
DA:304,0
DA:310,0
FN:310,MainContract.getPrice
FNDA:0,MainContract.getPrice
DA:311,0
DA:317,0
FN:317,MainContract.getCollectionOwnerByAddress
FNDA:0,MainContract.getCollectionOwnerByAddress
DA:318,0
FNF:13
FNH:2
LF:90
LH:7
BRF:39
BRH:4
end_of_record
TN:
SF:src/NewERC721Collection.sol
DA:30,264
FN:30,NewERC721Collection.constructor
FNDA:264,NewERC721Collection.constructor
DA:38,264
BRDA:38,0,0,1
BRDA:38,0,1,263
DA:39,263
BRDA:39,1,0,1
BRDA:39,1,1,262
DA:43,262
BRDA:43,2,0,1
BRDA:43,2,1,261
DA:48,261
DA:49,261
DA:50,261
DA:51,261
DA:52,261
DA:56,2
FN:56,NewERC721Collection.onlyMainContract
FNDA:2,NewERC721Collection.onlyMainContract
DA:57,2
BRDA:57,3,0,1
BRDA:57,3,1,1
DA:66,2
FN:66,NewERC721Collection.mint
FNDA:2,NewERC721Collection.mint
DA:67,1
DA:68,1
DA:69,1
DA:72,1
FN:72,NewERC721Collection.setApprovalForAll
FNDA:1,NewERC721Collection.setApprovalForAll
DA:76,1
DA:80,1
FN:80,NewERC721Collection._baseURI
FNDA:1,NewERC721Collection._baseURI
DA:81,1
DA:84,1
FN:84,NewERC721Collection.getBaseURI
FNDA:1,NewERC721Collection.getBaseURI
DA:85,1
DA:90,1
FN:90,NewERC721Collection.tokenURI
FNDA:1,NewERC721Collection.tokenURI
DA:96,1
FNF:7
FNH:7
LF:23
LH:23
BRF:8
BRH:8
end_of_record
TN:
SF:test/Helper.sol
DA:11,0
FN:11,Helper.deployCollection
FNDA:0,Helper.deployCollection
DA:18,259
DA:21,259
DA:30,259
DA:31,259
DA:32,259
DA:35,0
FN:35,Helper.isValidSymbol
FNDA:0,Helper.isValidSymbol
DA:36,0
DA:37,0
DA:39,0
DA:40,0
DA:42,0
DA:43,0
DA:44,0
BRDA:44,1,0,-
DA:45,0
DA:48,0
FNF:2
FNH:0
LF:16
LH:5
BRF:1
BRH:0
end_of_record
