TN:
SF:src/CollectionManager.sol
DA:64,259
FN:64,CollectionManager.onlyCreator
FNDA:259,CollectionManager.onlyCreator
DA:65,259
BRDA:65,0,0,259
BRDA:65,0,1,262
DA:99,13
FN:99,CollectionManager.setMainContract
FNDA:13,CollectionManager.setMainContract
DA:100,12
BRDA:100,1,0,1
BRDA:100,1,1,11
DA:101,11
DA:104,267
FN:104,CollectionManager.createCollection
FNDA:267,CollectionManager.createCollection
DA:112,267
BRDA:112,2,0,1
BRDA:112,2,1,266
DA:116,266
BRDA:116,3,0,1
BRDA:116,3,1,265
DA:120,265
BRDA:120,4,0,1
BRDA:120,4,1,264
DA:121,264
BRDA:121,5,0,1
BRDA:121,5,1,263
DA:124,263
DA:132,263
DA:137,263
DA:146,263
DA:147,263
DA:151,263
DA:161,2
FN:161,CollectionManager.getCollectionOwnerByAddressOwner
FNDA:2,CollectionManager.getCollectionOwnerByAddressOwner
DA:162,2
BRDA:162,6,0,1
BRDA:162,6,1,1
DA:164,1
DA:165,1
DA:167,1
DA:168,1
DA:169,1
DA:171,1
DA:179,293
FN:179,CollectionManager.getCollectionByAddress
FNDA:293,CollectionManager.getCollectionByAddress
DA:180,293
BRDA:180,7,0,260
BRDA:180,7,1,33
DA:181,33
DA:188,259
FN:188,CollectionManager.changePrice
FNDA:259,CollectionManager.changePrice
DA:189,259
DA:196,521
FN:196,CollectionManager.changeQuantityInStock
FNDA:521,CollectionManager.changeQuantityInStock
DA:197,262
DA:204,4
FN:204,CollectionManager.collectionExist
FNDA:4,CollectionManager.collectionExist
DA:205,297
BRDA:205,8,0,36
BRDA:205,8,1,261
DA:206,36
DA:208,261
DA:218,259
FN:218,CollectionManager._updatePrice
FNDA:259,CollectionManager._updatePrice
DA:219,259
DA:228,262
FN:228,CollectionManager._updateQuantity
FNDA:262,CollectionManager._updateQuantity
DA:229,262
FNF:10
FNH:10
LF:39
LH:39
BRF:18
BRH:18
end_of_record
TN:
SF:src/MainContract.sol
DA:74,273
FN:74,MainContract.constructor
FNDA:273,MainContract.constructor
DA:75,272
BRDA:75,0,0,1
BRDA:75,0,1,271
DA:76,271
BRDA:76,1,0,1
BRDA:76,1,1,270
DA:77,270
DA:78,270
DA:84,260
FN:84,MainContract.setCollectionManager
FNDA:260,MainContract.setCollectionManager
DA:85,260
DA:91,5
FN:91,MainContract.buy
FNDA:5,MainContract.buy
DA:94,5
DA:95,5
DA:96,5
BRDA:96,2,0,1
BRDA:96,2,1,4
DA:99,4
DA:100,4
BRDA:100,3,0,1
BRDA:100,3,1,3
DA:101,3
DA:102,3
DA:105,3
BRDA:105,4,0,1
DA:106,1
DA:109,3
DA:110,1
DA:113,1
DA:114,1
DA:116,1
DA:122,6
FN:122,MainContract.batchBuy
FNDA:6,MainContract.batchBuy
DA:123,6
DA:124,6
DA:126,6
BRDA:126,5,0,1
BRDA:126,5,1,5
DA:128,5
BRDA:128,6,0,1
BRDA:128,6,1,4
DA:131,4
DA:132,4
DA:133,6
DA:134,6
DA:136,6
DA:137,6
DA:139,4
BRDA:139,7,0,1
BRDA:139,7,1,3
DA:142,3
DA:143,4
DA:144,4
DA:145,4
BRDA:145,8,0,1
BRDA:145,8,1,3
DA:146,3
DA:147,3
BRDA:147,9,0,1
BRDA:147,9,1,2
DA:149,2
DA:151,2
DA:152,2
DA:155,2
DA:158,2
DA:161,1
DA:162,1
DA:165,1
BRDA:165,10,0,1
DA:166,1
DA:170,1
DA:176,3
FN:176,MainContract.redeemCode
FNDA:3,MainContract.redeemCode
DA:177,3
BRDA:177,11,0,1
BRDA:177,11,1,2
DA:180,2
DA:189,2
BRDA:189,12,0,1
BRDA:189,12,1,1
DA:192,1
DA:195,1
DA:198,1
DA:207,2
FN:207,MainContract._isPromoValid
FNDA:2,MainContract._isPromoValid
DA:208,2
DA:209,1
BRDA:209,13,0,1
DA:210,1
DA:213,1
DA:224,1
FN:224,MainContract._deletePromoCode
FNDA:1,MainContract._deletePromoCode
DA:226,1
DA:236,1
DA:240,1
DA:252,1
FN:252,MainContract._findIndexByUserAddress
FNDA:1,MainContract._findIndexByUserAddress
DA:257,1
DA:258,1
DA:259,1
BRDA:259,14,0,1
DA:260,1
DA:263,0
DA:276,5
FN:276,MainContract._generatePromoCode
FNDA:5,MainContract._generatePromoCode
DA:277,5
BRDA:277,15,0,1
BRDA:277,15,1,4
DA:278,4
BRDA:278,16,0,1
BRDA:278,16,1,3
DA:279,3
DA:281,3
DA:282,5
DA:285,5
DA:286,5
DA:315,4
FN:315,MainContract.getQuantity
FNDA:4,MainContract.getQuantity
DA:316,14
DA:322,1
FN:322,MainContract.getPrice
FNDA:1,MainContract.getPrice
DA:323,14
DA:329,1
FN:329,MainContract.getCollectionOwnerByAddress
FNDA:1,MainContract.getCollectionOwnerByAddress
DA:330,4
FNF:12
FNH:12
LF:86
LH:85
BRF:30
BRH:30
end_of_record
TN:
SF:src/NewERC721Collection.sol
DA:30,267
FN:30,NewERC721Collection.constructor
FNDA:267,NewERC721Collection.constructor
DA:38,267
BRDA:38,0,0,1
BRDA:38,0,1,266
DA:39,266
BRDA:39,1,0,1
BRDA:39,1,1,265
DA:43,265
BRDA:43,2,0,1
BRDA:43,2,1,264
DA:48,264
DA:49,264
DA:50,264
DA:51,264
DA:52,264
DA:56,3
FN:56,NewERC721Collection.onlyMainContract
FNDA:3,NewERC721Collection.onlyMainContract
DA:57,3
BRDA:57,3,0,1
BRDA:57,3,1,2
DA:66,3
FN:66,NewERC721Collection.mint
FNDA:3,NewERC721Collection.mint
DA:67,2
DA:68,2
DA:69,2
DA:72,1
FN:72,NewERC721Collection.setApprovalForAll
FNDA:1,NewERC721Collection.setApprovalForAll
DA:76,1
DA:80,1
FN:80,NewERC721Collection._baseURI
FNDA:1,NewERC721Collection._baseURI
DA:81,1
DA:84,1
FN:84,NewERC721Collection.getBaseURI
FNDA:1,NewERC721Collection.getBaseURI
DA:85,1
DA:90,1
FN:90,NewERC721Collection.tokenURI
FNDA:1,NewERC721Collection.tokenURI
DA:96,1
FNF:7
FNH:7
LF:23
LH:23
BRF:8
BRH:8
end_of_record
TN:
SF:test/Helper.sol
DA:11,0
FN:11,Helper.deployCollection
FNDA:0,Helper.deployCollection
DA:18,259
DA:21,259
DA:30,259
DA:31,259
DA:32,259
DA:35,0
FN:35,Helper.isValidSymbol
FNDA:0,Helper.isValidSymbol
DA:36,0
DA:37,0
DA:39,0
DA:40,0
DA:42,0
DA:43,0
DA:44,0
BRDA:44,1,0,-
DA:45,0
DA:48,0
FNF:2
FNH:0
LF:16
LH:5
BRF:1
BRH:0
end_of_record
